[20231221 09:38:41:959][INFO ][com.example.demo.DemoApplication] Starting DemoApplication using Java 21.0.1 with PID 19460 (C:\Users\pc\IdeaProjects\html-java\html-java\target\classes started by pc in C:\Users\pc\IdeaProjects\html-java)
[20231221 09:38:41:961][INFO ][com.example.demo.DemoApplication] No active profile set, falling back to 1 default profile: "default"
[20231221 09:38:42:010][INFO ][o.s.b.d.e.DevToolsPropertyDefaultsPostProcessor] Devtools property defaults active! Set 'spring.devtools.add-properties' to 'false' to disable
[20231221 09:38:42:011][INFO ][o.s.b.d.e.DevToolsPropertyDefaultsPostProcessor] For additional web related logging consider setting the 'logging.level.web' property to 'DEBUG'
[20231221 09:38:42:936][INFO ][o.s.b.w.embedded.tomcat.TomcatWebServer] Tomcat initialized with port 4242 (http)
[20231221 09:38:42:946][INFO ][o.apache.coyote.http11.Http11NioProtocol] Initializing ProtocolHandler ["http-nio-4242"]
[20231221 09:38:42:949][INFO ][o.apache.catalina.core.StandardService] Starting service [Tomcat]
[20231221 09:38:42:950][INFO ][org.apache.catalina.core.StandardEngine] Starting Servlet engine: [Apache Tomcat/10.1.16]
[20231221 09:38:43:009][INFO ][o.a.c.c.C.[Tomcat].[localhost].[/]] Initializing Spring embedded WebApplicationContext
[20231221 09:38:43:009][INFO ][o.s.b.w.s.c.ServletWebServerApplicationContext] Root WebApplicationContext: initialization completed in 998 ms
[20231221 09:38:43:443][INFO ][o.s.b.d.a.OptionalLiveReloadServer] LiveReload server is running on port 35729
[20231221 09:38:43:457][INFO ][o.apache.coyote.http11.Http11NioProtocol] Starting ProtocolHandler ["http-nio-4242"]
[20231221 09:38:43:479][INFO ][o.s.b.w.embedded.tomcat.TomcatWebServer] Tomcat started on port 4242 (http) with context path ''
[20231221 09:38:43:488][INFO ][com.example.demo.DemoApplication] Started DemoApplication in 1.997 seconds (process running for 2.839)
[20231221 09:41:09:619][INFO ][o.s.b.d.a.LocalDevToolsAutoConfiguration$RestartingClassPathChangeChangedEventListener] Restarting due to 1 class path change (0 additions, 0 deletions, 1 modification)
[20231221 09:41:09:625][INFO ][o.apache.coyote.http11.Http11NioProtocol] Stopping ProtocolHandler ["http-nio-4242"]
[20231221 09:41:09:718][INFO ][com.example.demo.DemoApplication] Starting DemoApplication using Java 21.0.1 with PID 19460 (C:\Users\pc\IdeaProjects\html-java\html-java\target\classes started by pc in C:\Users\pc\IdeaProjects\html-java)
[20231221 09:41:09:718][INFO ][com.example.demo.DemoApplication] No active profile set, falling back to 1 default profile: "default"
[20231221 09:41:09:917][INFO ][o.s.b.w.embedded.tomcat.TomcatWebServer] Tomcat initialized with port 4242 (http)
[20231221 09:41:09:917][INFO ][o.apache.coyote.http11.Http11NioProtocol] Initializing ProtocolHandler ["http-nio-4242"]
[20231221 09:41:09:918][INFO ][o.apache.catalina.core.StandardService] Starting service [Tomcat]
[20231221 09:41:09:918][INFO ][org.apache.catalina.core.StandardEngine] Starting Servlet engine: [Apache Tomcat/10.1.16]
[20231221 09:41:09:934][INFO ][o.a.c.c.C.[Tomcat].[localhost].[/]] Initializing Spring embedded WebApplicationContext
[20231221 09:41:09:934][INFO ][o.s.b.w.s.c.ServletWebServerApplicationContext] Root WebApplicationContext: initialization completed in 214 ms
[20231221 09:41:10:020][INFO ][o.s.b.d.a.OptionalLiveReloadServer] LiveReload server is running on port 35729
[20231221 09:41:10:028][INFO ][o.apache.coyote.http11.Http11NioProtocol] Starting ProtocolHandler ["http-nio-4242"]
[20231221 09:41:10:032][INFO ][o.s.b.w.embedded.tomcat.TomcatWebServer] Tomcat started on port 4242 (http) with context path ''
[20231221 09:41:10:038][INFO ][com.example.demo.DemoApplication] Started DemoApplication in 0.354 seconds (process running for 149.389)
[20231221 09:41:10:040][INFO ][o.s.b.d.a.ConditionEvaluationDeltaLoggingListener] Condition evaluation unchanged
[20231221 09:41:55:759][INFO ][com.example.demo.DemoApplication] Starting DemoApplication using Java 21.0.1 with PID 3344 (C:\Users\pc\IdeaProjects\html-java\html-java\target\classes started by pc in C:\Users\pc\IdeaProjects\html-java)
[20231221 09:41:55:761][INFO ][com.example.demo.DemoApplication] No active profile set, falling back to 1 default profile: "default"
[20231221 09:41:55:812][INFO ][o.s.b.d.e.DevToolsPropertyDefaultsPostProcessor] Devtools property defaults active! Set 'spring.devtools.add-properties' to 'false' to disable
[20231221 09:41:55:812][INFO ][o.s.b.d.e.DevToolsPropertyDefaultsPostProcessor] For additional web related logging consider setting the 'logging.level.web' property to 'DEBUG'
[20231221 09:41:56:621][INFO ][o.s.b.w.embedded.tomcat.TomcatWebServer] Tomcat initialized with port 4242 (http)
[20231221 09:41:56:628][INFO ][o.apache.coyote.http11.Http11NioProtocol] Initializing ProtocolHandler ["http-nio-4242"]
[20231221 09:41:56:629][INFO ][o.apache.catalina.core.StandardService] Starting service [Tomcat]
[20231221 09:41:56:629][INFO ][org.apache.catalina.core.StandardEngine] Starting Servlet engine: [Apache Tomcat/10.1.16]
[20231221 09:41:56:664][INFO ][o.a.c.c.C.[Tomcat].[localhost].[/]] Initializing Spring embedded WebApplicationContext
[20231221 09:41:56:664][INFO ][o.s.b.w.s.c.ServletWebServerApplicationContext] Root WebApplicationContext: initialization completed in 852 ms
[20231221 09:41:56:949][INFO ][o.s.b.d.a.OptionalLiveReloadServer] LiveReload server is running on port 35729
[20231221 09:41:56:964][INFO ][o.apache.coyote.http11.Http11NioProtocol] Starting ProtocolHandler ["http-nio-4242"]
[20231221 09:41:56:981][INFO ][o.s.b.w.embedded.tomcat.TomcatWebServer] Tomcat started on port 4242 (http) with context path ''
[20231221 09:41:56:989][INFO ][com.example.demo.DemoApplication] Started DemoApplication in 1.649 seconds (process running for 2.297)
[20231221 09:43:06:873][INFO ][o.a.c.c.C.[Tomcat].[localhost].[/]] Initializing Spring DispatcherServlet 'dispatcherServlet'
[20231221 09:43:06:874][INFO ][o.s.web.servlet.DispatcherServlet] Initializing Servlet 'dispatcherServlet'
[20231221 09:43:06:875][INFO ][o.s.web.servlet.DispatcherServlet] Completed initialization in 1 ms
